[2023-02-01T11:25:59.540+0000] {taskinstance.py:1087} INFO - Dependencies all met for <TaskInstance: accidents_data_etl_pipeline.transform_encoding_load_task manual__2023-02-01T11:24:47.930339+00:00 [queued]>
[2023-02-01T11:25:59.558+0000] {taskinstance.py:1087} INFO - Dependencies all met for <TaskInstance: accidents_data_etl_pipeline.transform_encoding_load_task manual__2023-02-01T11:24:47.930339+00:00 [queued]>
[2023-02-01T11:25:59.558+0000] {taskinstance.py:1283} INFO - 
--------------------------------------------------------------------------------
[2023-02-01T11:25:59.559+0000] {taskinstance.py:1284} INFO - Starting attempt 1 of 2
[2023-02-01T11:25:59.560+0000] {taskinstance.py:1285} INFO - 
--------------------------------------------------------------------------------
[2023-02-01T11:25:59.603+0000] {taskinstance.py:1304} INFO - Executing <Task(PythonOperator): transform_encoding_load_task> on 2023-02-01 11:24:47.930339+00:00
[2023-02-01T11:25:59.663+0000] {standard_task_runner.py:55} INFO - Started process 780 to run task
[2023-02-01T11:25:59.706+0000] {standard_task_runner.py:82} INFO - Running: ['***', 'tasks', 'run', 'accidents_data_etl_pipeline', 'transform_encoding_load_task', 'manual__2023-02-01T11:24:47.930339+00:00', '--job-id', '41', '--raw', '--subdir', 'DAGS_FOLDER/etl_dag.py', '--cfg-path', '/tmp/tmp3y4k1106']
[2023-02-01T11:25:59.719+0000] {standard_task_runner.py:83} INFO - Job 41: Subtask transform_encoding_load_task
[2023-02-01T11:25:59.929+0000] {task_command.py:389} INFO - Running <TaskInstance: accidents_data_etl_pipeline.transform_encoding_load_task manual__2023-02-01T11:24:47.930339+00:00 [running]> on host 90e3bfc5c2e2
[2023-02-01T11:26:00.175+0000] {taskinstance.py:1513} INFO - Exporting the following env vars:
AIRFLOW_CTX_DAG_OWNER=***
AIRFLOW_CTX_DAG_ID=accidents_data_etl_pipeline
AIRFLOW_CTX_TASK_ID=transform_encoding_load_task
AIRFLOW_CTX_EXECUTION_DATE=2023-02-01T11:24:47.930339+00:00
AIRFLOW_CTX_TRY_NUMBER=1
AIRFLOW_CTX_DAG_RUN_ID=manual__2023-02-01T11:24:47.930339+00:00
[2023-02-01T11:26:05.037+0000] {logging_mixin.py:137} WARNING - /home/***/.local/lib/python3.7/site-packages/***/operators/python.py:192 DtypeWarning: Columns (10) have mixed types.Specify dtype option on import or set low_memory=False.
[2023-02-01T11:26:05.304+0000] {logging_mixin.py:137} INFO - loaded for peprocessing succesfully
[2023-02-01T11:26:16.648+0000] {logging_mixin.py:137} INFO - Data preprocessed successfully
[2023-02-01T11:28:20.085+0000] {python.py:177} INFO - Done. Returned value was: None
[2023-02-01T11:28:20.136+0000] {taskinstance.py:1327} INFO - Marking task as SUCCESS. dag_id=accidents_data_etl_pipeline, task_id=transform_encoding_load_task, execution_date=20230201T112447, start_date=20230201T112559, end_date=20230201T112820
[2023-02-01T11:28:20.313+0000] {local_task_job.py:159} INFO - Task exited with return code 0
[2023-02-01T11:28:20.452+0000] {taskinstance.py:2582} INFO - 0 downstream tasks scheduled from follow-on schedule check
