[2023-02-01T11:24:52.564+0000] {taskinstance.py:1087} INFO - Dependencies all met for <TaskInstance: accidents_data_etl_pipeline.extract_integrate_task manual__2023-02-01T11:24:47.930339+00:00 [queued]>
[2023-02-01T11:24:52.614+0000] {taskinstance.py:1087} INFO - Dependencies all met for <TaskInstance: accidents_data_etl_pipeline.extract_integrate_task manual__2023-02-01T11:24:47.930339+00:00 [queued]>
[2023-02-01T11:24:52.626+0000] {taskinstance.py:1283} INFO - 
--------------------------------------------------------------------------------
[2023-02-01T11:24:52.630+0000] {taskinstance.py:1284} INFO - Starting attempt 1 of 2
[2023-02-01T11:24:52.632+0000] {taskinstance.py:1285} INFO - 
--------------------------------------------------------------------------------
[2023-02-01T11:24:52.701+0000] {taskinstance.py:1304} INFO - Executing <Task(PythonOperator): extract_integrate_task> on 2023-02-01 11:24:47.930339+00:00
[2023-02-01T11:24:52.722+0000] {standard_task_runner.py:55} INFO - Started process 704 to run task
[2023-02-01T11:24:52.727+0000] {standard_task_runner.py:82} INFO - Running: ['***', 'tasks', 'run', 'accidents_data_etl_pipeline', 'extract_integrate_task', 'manual__2023-02-01T11:24:47.930339+00:00', '--job-id', '36', '--raw', '--subdir', 'DAGS_FOLDER/etl_dag.py', '--cfg-path', '/tmp/tmp8xu8upiq']
[2023-02-01T11:24:52.734+0000] {standard_task_runner.py:83} INFO - Job 36: Subtask extract_integrate_task
[2023-02-01T11:24:52.966+0000] {task_command.py:389} INFO - Running <TaskInstance: accidents_data_etl_pipeline.extract_integrate_task manual__2023-02-01T11:24:47.930339+00:00 [running]> on host 90e3bfc5c2e2
[2023-02-01T11:24:53.323+0000] {taskinstance.py:1513} INFO - Exporting the following env vars:
AIRFLOW_CTX_DAG_OWNER=***
AIRFLOW_CTX_DAG_ID=accidents_data_etl_pipeline
AIRFLOW_CTX_TASK_ID=extract_integrate_task
AIRFLOW_CTX_EXECUTION_DATE=2023-02-01T11:24:47.930339+00:00
AIRFLOW_CTX_TRY_NUMBER=1
AIRFLOW_CTX_DAG_RUN_ID=manual__2023-02-01T11:24:47.930339+00:00
[2023-02-01T11:24:53.356+0000] {logging_mixin.py:137} INFO - got file paths successfully
[2023-02-01T11:24:58.311+0000] {logging_mixin.py:137} WARNING - /home/***/.local/lib/python3.7/site-packages/***/operators/python.py:192 DtypeWarning: Columns (10) have mixed types.Specify dtype option on import or set low_memory=False.
[2023-02-01T11:25:02.473+0000] {logging_mixin.py:137} INFO - loaded CSVs files to df successfully
[2023-02-01T11:25:23.116+0000] {logging_mixin.py:137} INFO - data integrated successfully
[2023-02-01T11:25:23.198+0000] {python.py:177} INFO - Done. Returned value was: None
[2023-02-01T11:25:23.217+0000] {taskinstance.py:1327} INFO - Marking task as SUCCESS. dag_id=accidents_data_etl_pipeline, task_id=extract_integrate_task, execution_date=20230201T112447, start_date=20230201T112452, end_date=20230201T112523
[2023-02-01T11:25:23.293+0000] {local_task_job.py:159} INFO - Task exited with return code 0
[2023-02-01T11:25:23.344+0000] {taskinstance.py:2582} INFO - 1 downstream tasks scheduled from follow-on schedule check
