[2023-02-01T11:06:15.353+0000] {manager.py:483} INFO - Processing files using up to 2 processes at a time 
[2023-02-01T11:06:15.356+0000] {manager.py:484} INFO - Process each file at most once every 30 seconds
[2023-02-01T11:06:15.357+0000] {manager.py:486} INFO - Checking for new files in /opt/airflow/dags every 300 seconds
[2023-02-01T11:06:15.357+0000] {manager.py:726} INFO - Searching for files in /opt/airflow/dags
[2023-02-01T11:06:15.378+0000] {manager.py:729} INFO - There are 1 files in /opt/airflow/dags
[2023-02-01T11:06:15.522+0000] {manager.py:851} INFO - 
================================================================================
DAG File Processing Stats

File Path                       PID  Runtime      # DAGs    # Errors  Last Runtime    Last Run
----------------------------  -----  ---------  --------  ----------  --------------  ----------
/opt/airflow/dags/etl-dag.py    177  0.06s             0           0
================================================================================
[2023-02-01T11:06:45.800+0000] {manager.py:851} INFO - 
================================================================================
DAG File Processing Stats

File Path                       PID  Runtime      # DAGs    # Errors  Last Runtime    Last Run
----------------------------  -----  ---------  --------  ----------  --------------  -------------------
/opt/airflow/dags/etl-dag.py    208  0.00s             0           1  0.22s           2023-02-01T11:06:15
================================================================================
[2023-02-01T11:07:16.117+0000] {manager.py:851} INFO - 
================================================================================
DAG File Processing Stats

File Path                       PID  Runtime      # DAGs    # Errors  Last Runtime    Last Run
----------------------------  -----  ---------  --------  ----------  --------------  -------------------
/opt/airflow/dags/etl-dag.py    238  0.01s             0           1  0.10s           2023-02-01T11:06:45
================================================================================
[2023-02-01T11:07:46.592+0000] {manager.py:851} INFO - 
================================================================================
DAG File Processing Stats

File Path                       PID  Runtime      # DAGs    # Errors  Last Runtime    Last Run
----------------------------  -----  ---------  --------  ----------  --------------  -------------------
/opt/airflow/dags/etl-dag.py    276  0.01s             0           1  0.33s           2023-02-01T11:07:16
================================================================================
[2023-02-01T11:08:16.949+0000] {manager.py:851} INFO - 
================================================================================
DAG File Processing Stats

File Path                       PID  Runtime      # DAGs    # Errors  Last Runtime    Last Run
----------------------------  -----  ---------  --------  ----------  --------------  -------------------
/opt/airflow/dags/etl-dag.py    309  0.01s             0           1  0.19s           2023-02-01T11:07:46
================================================================================
[2023-02-01T11:08:47.501+0000] {manager.py:851} INFO - 
================================================================================
DAG File Processing Stats

File Path                       PID  Runtime      # DAGs    # Errors  Last Runtime    Last Run
----------------------------  -----  ---------  --------  ----------  --------------  -------------------
/opt/airflow/dags/etl-dag.py    339  0.01s             0           1  0.30s           2023-02-01T11:08:17
================================================================================
[2023-02-01T11:09:17.916+0000] {manager.py:851} INFO - 
================================================================================
DAG File Processing Stats

File Path                       PID  Runtime      # DAGs    # Errors  Last Runtime    Last Run
----------------------------  -----  ---------  --------  ----------  --------------  -------------------
/opt/airflow/dags/etl-dag.py    369  0.02s             0           1  0.25s           2023-02-01T11:08:47
================================================================================
[2023-02-01T11:09:48.584+0000] {manager.py:851} INFO - 
================================================================================
DAG File Processing Stats

File Path                       PID  Runtime      # DAGs    # Errors  Last Runtime    Last Run
----------------------------  -----  ---------  --------  ----------  --------------  -------------------
/opt/airflow/dags/etl-dag.py    398  0.02s             0           1  0.23s           2023-02-01T11:09:18
================================================================================
[2023-02-01T11:10:18.954+0000] {manager.py:851} INFO - 
================================================================================
DAG File Processing Stats

File Path                       PID  Runtime      # DAGs    # Errors  Last Runtime    Last Run
----------------------------  -----  ---------  --------  ----------  --------------  -------------------
/opt/airflow/dags/etl-dag.py    428  0.01s             0           1  0.19s           2023-02-01T11:09:48
================================================================================
[2023-02-01T11:10:49.500+0000] {manager.py:851} INFO - 
================================================================================
DAG File Processing Stats

File Path                       PID  Runtime      # DAGs    # Errors  Last Runtime    Last Run
----------------------------  -----  ---------  --------  ----------  --------------  -------------------
/opt/airflow/dags/etl-dag.py    459  0.01s             0           1  0.18s           2023-02-01T11:10:19
================================================================================
[2023-02-01T11:11:15.829+0000] {manager.py:726} INFO - Searching for files in /opt/airflow/dags
[2023-02-01T11:11:15.891+0000] {manager.py:729} INFO - There are 1 files in /opt/airflow/dags
[2023-02-01T11:11:20.021+0000] {manager.py:851} INFO - 
================================================================================
DAG File Processing Stats

File Path                       PID  Runtime      # DAGs    # Errors  Last Runtime    Last Run
----------------------------  -----  ---------  --------  ----------  --------------  -------------------
/opt/airflow/dags/etl-dag.py    500  0.01s             0           1  0.17s           2023-02-01T11:10:49
================================================================================
[2023-02-01T11:12:11.158+0000] {manager.py:483} INFO - Processing files using up to 2 processes at a time 
[2023-02-01T11:12:11.161+0000] {manager.py:484} INFO - Process each file at most once every 30 seconds
[2023-02-01T11:12:11.161+0000] {manager.py:486} INFO - Checking for new files in /opt/airflow/dags every 300 seconds
[2023-02-01T11:12:11.162+0000] {manager.py:726} INFO - Searching for files in /opt/airflow/dags
[2023-02-01T11:12:11.188+0000] {manager.py:729} INFO - There are 1 files in /opt/airflow/dags
[2023-02-01T11:12:11.807+0000] {manager.py:851} INFO - 
================================================================================
DAG File Processing Stats

File Path                       PID  Runtime      # DAGs    # Errors  Last Runtime    Last Run
----------------------------  -----  ---------  --------  ----------  --------------  ----------
/opt/airflow/dags/etl-dag.py    165  0.55s             0           0
================================================================================
[2023-02-01T11:12:42.428+0000] {manager.py:851} INFO - 
================================================================================
DAG File Processing Stats

File Path                       PID  Runtime      # DAGs    # Errors  Last Runtime    Last Run
----------------------------  -----  ---------  --------  ----------  --------------  -------------------
/opt/airflow/dags/etl-dag.py    196  0.01s             0           1  0.62s           2023-02-01T11:12:11
================================================================================
[2023-02-01T11:13:12.867+0000] {manager.py:851} INFO - 
================================================================================
DAG File Processing Stats

File Path                       PID  Runtime      # DAGs    # Errors  Last Runtime    Last Run
----------------------------  -----  ---------  --------  ----------  --------------  -------------------
/opt/airflow/dags/etl-dag.py    225  0.01s             0           1  0.31s           2023-02-01T11:12:42
================================================================================
[2023-02-01T11:13:43.303+0000] {manager.py:851} INFO - 
================================================================================
DAG File Processing Stats

File Path                       PID  Runtime      # DAGs    # Errors  Last Runtime    Last Run
----------------------------  -----  ---------  --------  ----------  --------------  -------------------
/opt/airflow/dags/etl-dag.py    255  0.03s             0           1  0.10s           2023-02-01T11:13:12
================================================================================
[2023-02-01T11:14:13.801+0000] {manager.py:851} INFO - 
================================================================================
DAG File Processing Stats

File Path                       PID  Runtime      # DAGs    # Errors  Last Runtime    Last Run
----------------------------  -----  ---------  --------  ----------  --------------  -------------------
/opt/airflow/dags/etl-dag.py    296  0.01s             0           1  0.17s           2023-02-01T11:13:43
================================================================================
[2023-02-01T11:16:49.003+0000] {manager.py:483} INFO - Processing files using up to 2 processes at a time 
[2023-02-01T11:16:49.006+0000] {manager.py:484} INFO - Process each file at most once every 30 seconds
[2023-02-01T11:16:49.007+0000] {manager.py:486} INFO - Checking for new files in /opt/airflow/dags every 300 seconds
[2023-02-01T11:16:49.007+0000] {manager.py:726} INFO - Searching for files in /opt/airflow/dags
[2023-02-01T11:16:49.077+0000] {manager.py:729} INFO - There are 1 files in /opt/airflow/dags
[2023-02-01T11:16:49.173+0000] {manager.py:851} INFO - 
================================================================================
DAG File Processing Stats

File Path                       PID  Runtime      # DAGs    # Errors  Last Runtime    Last Run
----------------------------  -----  ---------  --------  ----------  --------------  ----------
/opt/airflow/dags/etl-dag.py    177  0.03s             0           0
================================================================================
[2023-02-01T11:17:19.451+0000] {manager.py:851} INFO - 
================================================================================
DAG File Processing Stats

File Path                       PID  Runtime      # DAGs    # Errors  Last Runtime    Last Run
----------------------------  -----  ---------  --------  ----------  --------------  -------------------
/opt/airflow/dags/etl-dag.py    207  0.01s             0           1  0.12s           2023-02-01T11:16:49
================================================================================
[2023-02-01T11:17:49.922+0000] {manager.py:851} INFO - 
================================================================================
DAG File Processing Stats

File Path                       PID  Runtime      # DAGs    # Errors  Last Runtime    Last Run
----------------------------  -----  ---------  --------  ----------  --------------  -------------------
/opt/airflow/dags/etl-dag.py    238  0.01s             0           1  0.11s           2023-02-01T11:17:19
================================================================================
[2023-02-01T11:18:20.337+0000] {manager.py:851} INFO - 
================================================================================
DAG File Processing Stats

File Path                       PID  Runtime      # DAGs    # Errors  Last Runtime    Last Run
----------------------------  -----  ---------  --------  ----------  --------------  -------------------
/opt/airflow/dags/etl-dag.py    268  0.01s             0           1  0.22s           2023-02-01T11:17:50
================================================================================
[2023-02-01T11:18:50.584+0000] {manager.py:851} INFO - 
================================================================================
DAG File Processing Stats

File Path                       PID  Runtime      # DAGs    # Errors  Last Runtime    Last Run
----------------------------  -----  ---------  --------  ----------  --------------  -------------------
/opt/airflow/dags/etl-dag.py    313  0.00s             0           1  2.85s           2023-02-01T11:18:27
================================================================================
[2023-02-01T11:19:21.408+0000] {manager.py:851} INFO - 
================================================================================
DAG File Processing Stats

File Path                     PID    Runtime      # DAGs    # Errors  Last Runtime    Last Run
----------------------------  -----  ---------  --------  ----------  --------------  -------------------
/opt/airflow/dags/etl-dag.py                           1           0  3.02s           2023-02-01T11:18:53
================================================================================
[2023-02-01T11:19:23.435+0000] {manager.py:1072} WARNING - Skipping processing of missing file: /opt/airflow/dags/etl-dag.py
[2023-02-01T11:19:23.449+0000] {manager.py:1072} WARNING - Skipping processing of missing file: /opt/airflow/dags/etl-dag.py
[2023-02-01T11:19:24.444+0000] {manager.py:1072} WARNING - Skipping processing of missing file: /opt/airflow/dags/etl-dag.py
[2023-02-01T11:19:24.455+0000] {manager.py:1072} WARNING - Skipping processing of missing file: /opt/airflow/dags/etl-dag.py
[2023-02-01T11:19:25.455+0000] {manager.py:1072} WARNING - Skipping processing of missing file: /opt/airflow/dags/etl-dag.py
[2023-02-01T11:19:25.460+0000] {manager.py:1072} WARNING - Skipping processing of missing file: /opt/airflow/dags/etl-dag.py
[2023-02-01T11:19:26.461+0000] {manager.py:1072} WARNING - Skipping processing of missing file: /opt/airflow/dags/etl-dag.py
[2023-02-01T11:19:26.466+0000] {manager.py:1072} WARNING - Skipping processing of missing file: /opt/airflow/dags/etl-dag.py
[2023-02-01T11:19:27.468+0000] {manager.py:1072} WARNING - Skipping processing of missing file: /opt/airflow/dags/etl-dag.py
[2023-02-01T11:19:27.473+0000] {manager.py:1072} WARNING - Skipping processing of missing file: /opt/airflow/dags/etl-dag.py
[2023-02-01T11:19:28.475+0000] {manager.py:1072} WARNING - Skipping processing of missing file: /opt/airflow/dags/etl-dag.py
[2023-02-01T11:19:28.491+0000] {manager.py:1072} WARNING - Skipping processing of missing file: /opt/airflow/dags/etl-dag.py
[2023-02-01T11:19:29.485+0000] {manager.py:1072} WARNING - Skipping processing of missing file: /opt/airflow/dags/etl-dag.py
[2023-02-01T11:19:29.498+0000] {manager.py:1072} WARNING - Skipping processing of missing file: /opt/airflow/dags/etl-dag.py
[2023-02-01T11:19:30.497+0000] {manager.py:1072} WARNING - Skipping processing of missing file: /opt/airflow/dags/etl-dag.py
[2023-02-01T11:19:30.510+0000] {manager.py:1072} WARNING - Skipping processing of missing file: /opt/airflow/dags/etl-dag.py
[2023-02-01T11:19:31.505+0000] {manager.py:1072} WARNING - Skipping processing of missing file: /opt/airflow/dags/etl-dag.py
[2023-02-01T11:19:31.517+0000] {manager.py:1072} WARNING - Skipping processing of missing file: /opt/airflow/dags/etl-dag.py
[2023-02-01T11:19:32.516+0000] {manager.py:1072} WARNING - Skipping processing of missing file: /opt/airflow/dags/etl-dag.py
[2023-02-01T11:19:32.528+0000] {manager.py:1072} WARNING - Skipping processing of missing file: /opt/airflow/dags/etl-dag.py
[2023-02-01T11:19:33.532+0000] {manager.py:1072} WARNING - Skipping processing of missing file: /opt/airflow/dags/etl-dag.py
[2023-02-01T11:19:33.547+0000] {manager.py:1072} WARNING - Skipping processing of missing file: /opt/airflow/dags/etl-dag.py
[2023-02-01T11:19:34.554+0000] {manager.py:1072} WARNING - Skipping processing of missing file: /opt/airflow/dags/etl-dag.py
[2023-02-01T11:19:34.569+0000] {manager.py:1072} WARNING - Skipping processing of missing file: /opt/airflow/dags/etl-dag.py
[2023-02-01T11:19:35.562+0000] {manager.py:1072} WARNING - Skipping processing of missing file: /opt/airflow/dags/etl-dag.py
[2023-02-01T11:19:35.580+0000] {manager.py:1072} WARNING - Skipping processing of missing file: /opt/airflow/dags/etl-dag.py
[2023-02-01T11:19:36.573+0000] {manager.py:1072} WARNING - Skipping processing of missing file: /opt/airflow/dags/etl-dag.py
[2023-02-01T11:19:36.589+0000] {manager.py:1072} WARNING - Skipping processing of missing file: /opt/airflow/dags/etl-dag.py
[2023-02-01T11:19:37.589+0000] {manager.py:1072} WARNING - Skipping processing of missing file: /opt/airflow/dags/etl-dag.py
[2023-02-01T11:19:37.605+0000] {manager.py:1072} WARNING - Skipping processing of missing file: /opt/airflow/dags/etl-dag.py
[2023-02-01T11:19:38.598+0000] {manager.py:1072} WARNING - Skipping processing of missing file: /opt/airflow/dags/etl-dag.py
[2023-02-01T11:19:38.612+0000] {manager.py:1072} WARNING - Skipping processing of missing file: /opt/airflow/dags/etl-dag.py
[2023-02-01T11:19:39.604+0000] {manager.py:1072} WARNING - Skipping processing of missing file: /opt/airflow/dags/etl-dag.py
[2023-02-01T11:19:39.621+0000] {manager.py:1072} WARNING - Skipping processing of missing file: /opt/airflow/dags/etl-dag.py
[2023-02-01T11:19:40.610+0000] {manager.py:1072} WARNING - Skipping processing of missing file: /opt/airflow/dags/etl-dag.py
[2023-02-01T11:19:40.631+0000] {manager.py:1072} WARNING - Skipping processing of missing file: /opt/airflow/dags/etl-dag.py
[2023-02-01T11:19:41.616+0000] {manager.py:1072} WARNING - Skipping processing of missing file: /opt/airflow/dags/etl-dag.py
[2023-02-01T11:19:41.638+0000] {manager.py:1072} WARNING - Skipping processing of missing file: /opt/airflow/dags/etl-dag.py
[2023-02-01T11:19:42.629+0000] {manager.py:1072} WARNING - Skipping processing of missing file: /opt/airflow/dags/etl-dag.py
[2023-02-01T11:19:42.649+0000] {manager.py:1072} WARNING - Skipping processing of missing file: /opt/airflow/dags/etl-dag.py
[2023-02-01T11:19:43.643+0000] {manager.py:1072} WARNING - Skipping processing of missing file: /opt/airflow/dags/etl-dag.py
[2023-02-01T11:19:43.662+0000] {manager.py:1072} WARNING - Skipping processing of missing file: /opt/airflow/dags/etl-dag.py
[2023-02-01T11:19:44.659+0000] {manager.py:1072} WARNING - Skipping processing of missing file: /opt/airflow/dags/etl-dag.py
[2023-02-01T11:19:44.677+0000] {manager.py:1072} WARNING - Skipping processing of missing file: /opt/airflow/dags/etl-dag.py
[2023-02-01T11:19:45.692+0000] {manager.py:1072} WARNING - Skipping processing of missing file: /opt/airflow/dags/etl-dag.py
[2023-02-01T11:19:45.703+0000] {manager.py:1072} WARNING - Skipping processing of missing file: /opt/airflow/dags/etl-dag.py
[2023-02-01T11:19:46.701+0000] {manager.py:1072} WARNING - Skipping processing of missing file: /opt/airflow/dags/etl-dag.py
[2023-02-01T11:19:46.709+0000] {manager.py:1072} WARNING - Skipping processing of missing file: /opt/airflow/dags/etl-dag.py
[2023-02-01T11:19:47.713+0000] {manager.py:1072} WARNING - Skipping processing of missing file: /opt/airflow/dags/etl-dag.py
[2023-02-01T11:19:47.725+0000] {manager.py:1072} WARNING - Skipping processing of missing file: /opt/airflow/dags/etl-dag.py
[2023-02-01T11:19:48.727+0000] {manager.py:1072} WARNING - Skipping processing of missing file: /opt/airflow/dags/etl-dag.py
[2023-02-01T11:19:48.740+0000] {manager.py:1072} WARNING - Skipping processing of missing file: /opt/airflow/dags/etl-dag.py
[2023-02-01T11:19:49.741+0000] {manager.py:1072} WARNING - Skipping processing of missing file: /opt/airflow/dags/etl-dag.py
[2023-02-01T11:19:49.753+0000] {manager.py:1072} WARNING - Skipping processing of missing file: /opt/airflow/dags/etl-dag.py
[2023-02-01T11:19:50.766+0000] {manager.py:1072} WARNING - Skipping processing of missing file: /opt/airflow/dags/etl-dag.py
[2023-02-01T11:19:50.779+0000] {manager.py:1072} WARNING - Skipping processing of missing file: /opt/airflow/dags/etl-dag.py
[2023-02-01T11:19:51.796+0000] {manager.py:1072} WARNING - Skipping processing of missing file: /opt/airflow/dags/etl-dag.py
[2023-02-01T11:19:51.806+0000] {manager.py:851} INFO - 
================================================================================
DAG File Processing Stats

File Path                     PID    Runtime      # DAGs    # Errors  Last Runtime    Last Run
----------------------------  -----  ---------  --------  ----------  --------------  -------------------
/opt/airflow/dags/etl-dag.py                           1           0  3.02s           2023-02-01T11:18:53
================================================================================
[2023-02-01T11:19:51.825+0000] {manager.py:1072} WARNING - Skipping processing of missing file: /opt/airflow/dags/etl-dag.py
[2023-02-01T11:19:52.825+0000] {manager.py:1072} WARNING - Skipping processing of missing file: /opt/airflow/dags/etl-dag.py
[2023-02-01T11:19:52.841+0000] {manager.py:1072} WARNING - Skipping processing of missing file: /opt/airflow/dags/etl-dag.py
[2023-02-01T11:19:53.832+0000] {manager.py:1072} WARNING - Skipping processing of missing file: /opt/airflow/dags/etl-dag.py
[2023-02-01T11:19:53.846+0000] {manager.py:1072} WARNING - Skipping processing of missing file: /opt/airflow/dags/etl-dag.py
[2023-02-01T11:19:54.838+0000] {manager.py:1072} WARNING - Skipping processing of missing file: /opt/airflow/dags/etl-dag.py
[2023-02-01T11:19:54.851+0000] {manager.py:1072} WARNING - Skipping processing of missing file: /opt/airflow/dags/etl-dag.py
[2023-02-01T11:19:55.849+0000] {manager.py:1072} WARNING - Skipping processing of missing file: /opt/airflow/dags/etl-dag.py
[2023-02-01T11:19:55.860+0000] {manager.py:1072} WARNING - Skipping processing of missing file: /opt/airflow/dags/etl-dag.py
[2023-02-01T11:19:56.865+0000] {manager.py:1072} WARNING - Skipping processing of missing file: /opt/airflow/dags/etl-dag.py
[2023-02-01T11:19:56.880+0000] {manager.py:1072} WARNING - Skipping processing of missing file: /opt/airflow/dags/etl-dag.py
[2023-02-01T11:19:57.907+0000] {manager.py:1072} WARNING - Skipping processing of missing file: /opt/airflow/dags/etl-dag.py
[2023-02-01T11:19:57.926+0000] {manager.py:1072} WARNING - Skipping processing of missing file: /opt/airflow/dags/etl-dag.py
[2023-02-01T11:19:58.924+0000] {manager.py:1072} WARNING - Skipping processing of missing file: /opt/airflow/dags/etl-dag.py
[2023-02-01T11:19:58.938+0000] {manager.py:1072} WARNING - Skipping processing of missing file: /opt/airflow/dags/etl-dag.py
[2023-02-01T11:19:59.937+0000] {manager.py:1072} WARNING - Skipping processing of missing file: /opt/airflow/dags/etl-dag.py
[2023-02-01T11:19:59.951+0000] {manager.py:1072} WARNING - Skipping processing of missing file: /opt/airflow/dags/etl-dag.py
[2023-02-01T11:20:00.951+0000] {manager.py:1072} WARNING - Skipping processing of missing file: /opt/airflow/dags/etl-dag.py
[2023-02-01T11:20:00.964+0000] {manager.py:1072} WARNING - Skipping processing of missing file: /opt/airflow/dags/etl-dag.py
[2023-02-01T11:20:01.961+0000] {manager.py:1072} WARNING - Skipping processing of missing file: /opt/airflow/dags/etl-dag.py
[2023-02-01T11:20:01.974+0000] {manager.py:1072} WARNING - Skipping processing of missing file: /opt/airflow/dags/etl-dag.py
[2023-02-01T11:20:02.971+0000] {manager.py:1072} WARNING - Skipping processing of missing file: /opt/airflow/dags/etl-dag.py
[2023-02-01T11:20:02.983+0000] {manager.py:1072} WARNING - Skipping processing of missing file: /opt/airflow/dags/etl-dag.py
[2023-02-01T11:20:03.991+0000] {manager.py:1072} WARNING - Skipping processing of missing file: /opt/airflow/dags/etl-dag.py
[2023-02-01T11:20:04.007+0000] {manager.py:1072} WARNING - Skipping processing of missing file: /opt/airflow/dags/etl-dag.py
[2023-02-01T11:20:05.008+0000] {manager.py:1072} WARNING - Skipping processing of missing file: /opt/airflow/dags/etl-dag.py
[2023-02-01T11:20:05.023+0000] {manager.py:1072} WARNING - Skipping processing of missing file: /opt/airflow/dags/etl-dag.py
[2023-02-01T11:20:06.016+0000] {manager.py:1072} WARNING - Skipping processing of missing file: /opt/airflow/dags/etl-dag.py
[2023-02-01T11:20:06.032+0000] {manager.py:1072} WARNING - Skipping processing of missing file: /opt/airflow/dags/etl-dag.py
[2023-02-01T11:20:07.024+0000] {manager.py:1072} WARNING - Skipping processing of missing file: /opt/airflow/dags/etl-dag.py
[2023-02-01T11:20:07.038+0000] {manager.py:1072} WARNING - Skipping processing of missing file: /opt/airflow/dags/etl-dag.py
[2023-02-01T11:20:08.031+0000] {manager.py:1072} WARNING - Skipping processing of missing file: /opt/airflow/dags/etl-dag.py
[2023-02-01T11:20:08.048+0000] {manager.py:1072} WARNING - Skipping processing of missing file: /opt/airflow/dags/etl-dag.py
[2023-02-01T11:20:09.039+0000] {manager.py:1072} WARNING - Skipping processing of missing file: /opt/airflow/dags/etl-dag.py
[2023-02-01T11:20:09.054+0000] {manager.py:1072} WARNING - Skipping processing of missing file: /opt/airflow/dags/etl-dag.py
[2023-02-01T11:20:10.052+0000] {manager.py:1072} WARNING - Skipping processing of missing file: /opt/airflow/dags/etl-dag.py
[2023-02-01T11:20:10.078+0000] {manager.py:1072} WARNING - Skipping processing of missing file: /opt/airflow/dags/etl-dag.py
[2023-02-01T11:20:11.065+0000] {manager.py:1072} WARNING - Skipping processing of missing file: /opt/airflow/dags/etl-dag.py
[2023-02-01T11:20:11.119+0000] {manager.py:1072} WARNING - Skipping processing of missing file: /opt/airflow/dags/etl-dag.py
[2023-02-01T11:20:12.072+0000] {manager.py:1072} WARNING - Skipping processing of missing file: /opt/airflow/dags/etl-dag.py
[2023-02-01T11:20:12.128+0000] {manager.py:1072} WARNING - Skipping processing of missing file: /opt/airflow/dags/etl-dag.py
[2023-02-01T11:20:13.079+0000] {manager.py:1072} WARNING - Skipping processing of missing file: /opt/airflow/dags/etl-dag.py
[2023-02-01T11:20:13.133+0000] {manager.py:1072} WARNING - Skipping processing of missing file: /opt/airflow/dags/etl-dag.py
[2023-02-01T11:20:14.092+0000] {manager.py:1072} WARNING - Skipping processing of missing file: /opt/airflow/dags/etl-dag.py
[2023-02-01T11:20:14.144+0000] {manager.py:1072} WARNING - Skipping processing of missing file: /opt/airflow/dags/etl-dag.py
[2023-02-01T11:20:15.104+0000] {manager.py:1072} WARNING - Skipping processing of missing file: /opt/airflow/dags/etl-dag.py
[2023-02-01T11:20:15.152+0000] {manager.py:1072} WARNING - Skipping processing of missing file: /opt/airflow/dags/etl-dag.py
[2023-02-01T11:20:16.116+0000] {manager.py:1072} WARNING - Skipping processing of missing file: /opt/airflow/dags/etl-dag.py
[2023-02-01T11:20:16.157+0000] {manager.py:1072} WARNING - Skipping processing of missing file: /opt/airflow/dags/etl-dag.py
[2023-02-01T11:20:17.122+0000] {manager.py:1072} WARNING - Skipping processing of missing file: /opt/airflow/dags/etl-dag.py
[2023-02-01T11:20:17.162+0000] {manager.py:1072} WARNING - Skipping processing of missing file: /opt/airflow/dags/etl-dag.py
[2023-02-01T11:20:18.128+0000] {manager.py:1072} WARNING - Skipping processing of missing file: /opt/airflow/dags/etl-dag.py
[2023-02-01T11:20:18.166+0000] {manager.py:1072} WARNING - Skipping processing of missing file: /opt/airflow/dags/etl-dag.py
[2023-02-01T11:20:19.133+0000] {manager.py:1072} WARNING - Skipping processing of missing file: /opt/airflow/dags/etl-dag.py
[2023-02-01T11:20:19.171+0000] {manager.py:1072} WARNING - Skipping processing of missing file: /opt/airflow/dags/etl-dag.py
[2023-02-01T11:20:20.141+0000] {manager.py:1072} WARNING - Skipping processing of missing file: /opt/airflow/dags/etl-dag.py
[2023-02-01T11:20:20.177+0000] {manager.py:1072} WARNING - Skipping processing of missing file: /opt/airflow/dags/etl-dag.py
[2023-02-01T11:20:21.147+0000] {manager.py:1072} WARNING - Skipping processing of missing file: /opt/airflow/dags/etl-dag.py
[2023-02-01T11:20:21.184+0000] {manager.py:1072} WARNING - Skipping processing of missing file: /opt/airflow/dags/etl-dag.py
[2023-02-01T11:20:22.154+0000] {manager.py:1072} WARNING - Skipping processing of missing file: /opt/airflow/dags/etl-dag.py
[2023-02-01T11:20:22.155+0000] {manager.py:851} INFO - 
================================================================================
DAG File Processing Stats

File Path                     PID    Runtime      # DAGs    # Errors  Last Runtime    Last Run
----------------------------  -----  ---------  --------  ----------  --------------  -------------------
/opt/airflow/dags/etl-dag.py                           1           0  3.02s           2023-02-01T11:18:53
================================================================================
[2023-02-01T11:20:22.191+0000] {manager.py:1072} WARNING - Skipping processing of missing file: /opt/airflow/dags/etl-dag.py
[2023-02-01T11:20:23.161+0000] {manager.py:1072} WARNING - Skipping processing of missing file: /opt/airflow/dags/etl-dag.py
[2023-02-01T11:20:23.198+0000] {manager.py:1072} WARNING - Skipping processing of missing file: /opt/airflow/dags/etl-dag.py
[2023-02-01T11:20:24.169+0000] {manager.py:1072} WARNING - Skipping processing of missing file: /opt/airflow/dags/etl-dag.py
[2023-02-01T11:20:24.203+0000] {manager.py:1072} WARNING - Skipping processing of missing file: /opt/airflow/dags/etl-dag.py
[2023-02-01T11:20:25.177+0000] {manager.py:1072} WARNING - Skipping processing of missing file: /opt/airflow/dags/etl-dag.py
[2023-02-01T11:20:25.212+0000] {manager.py:1072} WARNING - Skipping processing of missing file: /opt/airflow/dags/etl-dag.py
[2023-02-01T11:20:26.182+0000] {manager.py:1072} WARNING - Skipping processing of missing file: /opt/airflow/dags/etl-dag.py
[2023-02-01T11:20:26.216+0000] {manager.py:1072} WARNING - Skipping processing of missing file: /opt/airflow/dags/etl-dag.py
[2023-02-01T11:20:27.188+0000] {manager.py:1072} WARNING - Skipping processing of missing file: /opt/airflow/dags/etl-dag.py
[2023-02-01T11:20:27.221+0000] {manager.py:1072} WARNING - Skipping processing of missing file: /opt/airflow/dags/etl-dag.py
[2023-02-01T11:20:28.193+0000] {manager.py:1072} WARNING - Skipping processing of missing file: /opt/airflow/dags/etl-dag.py
[2023-02-01T11:20:28.225+0000] {manager.py:1072} WARNING - Skipping processing of missing file: /opt/airflow/dags/etl-dag.py
[2023-02-01T11:20:29.206+0000] {manager.py:1072} WARNING - Skipping processing of missing file: /opt/airflow/dags/etl-dag.py
[2023-02-01T11:20:29.236+0000] {manager.py:1072} WARNING - Skipping processing of missing file: /opt/airflow/dags/etl-dag.py
[2023-02-01T11:20:30.219+0000] {manager.py:1072} WARNING - Skipping processing of missing file: /opt/airflow/dags/etl-dag.py
[2023-02-01T11:20:30.248+0000] {manager.py:1072} WARNING - Skipping processing of missing file: /opt/airflow/dags/etl-dag.py
[2023-02-01T11:20:31.229+0000] {manager.py:1072} WARNING - Skipping processing of missing file: /opt/airflow/dags/etl-dag.py
[2023-02-01T11:20:31.254+0000] {manager.py:1072} WARNING - Skipping processing of missing file: /opt/airflow/dags/etl-dag.py
[2023-02-01T11:20:32.234+0000] {manager.py:1072} WARNING - Skipping processing of missing file: /opt/airflow/dags/etl-dag.py
[2023-02-01T11:20:32.259+0000] {manager.py:1072} WARNING - Skipping processing of missing file: /opt/airflow/dags/etl-dag.py
[2023-02-01T11:20:33.240+0000] {manager.py:1072} WARNING - Skipping processing of missing file: /opt/airflow/dags/etl-dag.py
[2023-02-01T11:20:33.265+0000] {manager.py:1072} WARNING - Skipping processing of missing file: /opt/airflow/dags/etl-dag.py
[2023-02-01T11:20:34.247+0000] {manager.py:1072} WARNING - Skipping processing of missing file: /opt/airflow/dags/etl-dag.py
[2023-02-01T11:20:34.269+0000] {manager.py:1072} WARNING - Skipping processing of missing file: /opt/airflow/dags/etl-dag.py
[2023-02-01T11:20:35.254+0000] {manager.py:1072} WARNING - Skipping processing of missing file: /opt/airflow/dags/etl-dag.py
[2023-02-01T11:20:35.274+0000] {manager.py:1072} WARNING - Skipping processing of missing file: /opt/airflow/dags/etl-dag.py
[2023-02-01T11:20:36.261+0000] {manager.py:1072} WARNING - Skipping processing of missing file: /opt/airflow/dags/etl-dag.py
[2023-02-01T11:20:36.279+0000] {manager.py:1072} WARNING - Skipping processing of missing file: /opt/airflow/dags/etl-dag.py
[2023-02-01T11:20:37.269+0000] {manager.py:1072} WARNING - Skipping processing of missing file: /opt/airflow/dags/etl-dag.py
[2023-02-01T11:20:37.286+0000] {manager.py:1072} WARNING - Skipping processing of missing file: /opt/airflow/dags/etl-dag.py
[2023-02-01T11:20:38.277+0000] {manager.py:1072} WARNING - Skipping processing of missing file: /opt/airflow/dags/etl-dag.py
[2023-02-01T11:20:38.293+0000] {manager.py:1072} WARNING - Skipping processing of missing file: /opt/airflow/dags/etl-dag.py
[2023-02-01T11:20:39.283+0000] {manager.py:1072} WARNING - Skipping processing of missing file: /opt/airflow/dags/etl-dag.py
[2023-02-01T11:20:39.299+0000] {manager.py:1072} WARNING - Skipping processing of missing file: /opt/airflow/dags/etl-dag.py
[2023-02-01T11:20:40.291+0000] {manager.py:1072} WARNING - Skipping processing of missing file: /opt/airflow/dags/etl-dag.py
[2023-02-01T11:20:40.306+0000] {manager.py:1072} WARNING - Skipping processing of missing file: /opt/airflow/dags/etl-dag.py
[2023-02-01T11:20:41.297+0000] {manager.py:1072} WARNING - Skipping processing of missing file: /opt/airflow/dags/etl-dag.py
[2023-02-01T11:20:41.312+0000] {manager.py:1072} WARNING - Skipping processing of missing file: /opt/airflow/dags/etl-dag.py
[2023-02-01T11:20:42.307+0000] {manager.py:1072} WARNING - Skipping processing of missing file: /opt/airflow/dags/etl-dag.py
[2023-02-01T11:20:42.318+0000] {manager.py:1072} WARNING - Skipping processing of missing file: /opt/airflow/dags/etl-dag.py
[2023-02-01T11:20:43.314+0000] {manager.py:1072} WARNING - Skipping processing of missing file: /opt/airflow/dags/etl-dag.py
[2023-02-01T11:20:43.326+0000] {manager.py:1072} WARNING - Skipping processing of missing file: /opt/airflow/dags/etl-dag.py
[2023-02-01T11:20:44.324+0000] {manager.py:1072} WARNING - Skipping processing of missing file: /opt/airflow/dags/etl-dag.py
[2023-02-01T11:20:44.331+0000] {manager.py:1072} WARNING - Skipping processing of missing file: /opt/airflow/dags/etl-dag.py
[2023-02-01T11:20:45.329+0000] {manager.py:1072} WARNING - Skipping processing of missing file: /opt/airflow/dags/etl-dag.py
[2023-02-01T11:20:45.336+0000] {manager.py:1072} WARNING - Skipping processing of missing file: /opt/airflow/dags/etl-dag.py
[2023-02-01T11:20:46.338+0000] {manager.py:1072} WARNING - Skipping processing of missing file: /opt/airflow/dags/etl-dag.py
[2023-02-01T11:20:46.343+0000] {manager.py:1072} WARNING - Skipping processing of missing file: /opt/airflow/dags/etl-dag.py
[2023-02-01T11:20:47.344+0000] {manager.py:1072} WARNING - Skipping processing of missing file: /opt/airflow/dags/etl-dag.py
[2023-02-01T11:20:47.348+0000] {manager.py:1072} WARNING - Skipping processing of missing file: /opt/airflow/dags/etl-dag.py
[2023-02-01T11:20:48.350+0000] {manager.py:1072} WARNING - Skipping processing of missing file: /opt/airflow/dags/etl-dag.py
[2023-02-01T11:20:48.354+0000] {manager.py:1072} WARNING - Skipping processing of missing file: /opt/airflow/dags/etl-dag.py
[2023-02-01T11:20:49.359+0000] {manager.py:1072} WARNING - Skipping processing of missing file: /opt/airflow/dags/etl-dag.py
[2023-02-01T11:20:49.364+0000] {manager.py:1072} WARNING - Skipping processing of missing file: /opt/airflow/dags/etl-dag.py
[2023-02-01T11:20:50.365+0000] {manager.py:1072} WARNING - Skipping processing of missing file: /opt/airflow/dags/etl-dag.py
[2023-02-01T11:20:50.370+0000] {manager.py:1072} WARNING - Skipping processing of missing file: /opt/airflow/dags/etl-dag.py
[2023-02-01T11:20:51.375+0000] {manager.py:1072} WARNING - Skipping processing of missing file: /opt/airflow/dags/etl-dag.py
[2023-02-01T11:20:51.381+0000] {manager.py:1072} WARNING - Skipping processing of missing file: /opt/airflow/dags/etl-dag.py
[2023-02-01T11:20:52.382+0000] {manager.py:1072} WARNING - Skipping processing of missing file: /opt/airflow/dags/etl-dag.py
[2023-02-01T11:20:52.384+0000] {manager.py:851} INFO - 
================================================================================
DAG File Processing Stats

File Path                     PID    Runtime      # DAGs    # Errors  Last Runtime    Last Run
----------------------------  -----  ---------  --------  ----------  --------------  -------------------
/opt/airflow/dags/etl-dag.py                           1           0  3.02s           2023-02-01T11:18:53
================================================================================
[2023-02-01T11:20:52.388+0000] {manager.py:1072} WARNING - Skipping processing of missing file: /opt/airflow/dags/etl-dag.py
[2023-02-01T11:20:53.390+0000] {manager.py:1072} WARNING - Skipping processing of missing file: /opt/airflow/dags/etl-dag.py
[2023-02-01T11:20:53.396+0000] {manager.py:1072} WARNING - Skipping processing of missing file: /opt/airflow/dags/etl-dag.py
[2023-02-01T11:20:54.399+0000] {manager.py:1072} WARNING - Skipping processing of missing file: /opt/airflow/dags/etl-dag.py
[2023-02-01T11:20:54.405+0000] {manager.py:1072} WARNING - Skipping processing of missing file: /opt/airflow/dags/etl-dag.py
[2023-02-01T11:20:55.406+0000] {manager.py:1072} WARNING - Skipping processing of missing file: /opt/airflow/dags/etl-dag.py
[2023-02-01T11:20:55.410+0000] {manager.py:1072} WARNING - Skipping processing of missing file: /opt/airflow/dags/etl-dag.py
[2023-02-01T11:20:56.413+0000] {manager.py:1072} WARNING - Skipping processing of missing file: /opt/airflow/dags/etl-dag.py
[2023-02-01T11:20:56.419+0000] {manager.py:1072} WARNING - Skipping processing of missing file: /opt/airflow/dags/etl-dag.py
[2023-02-01T11:20:57.420+0000] {manager.py:1072} WARNING - Skipping processing of missing file: /opt/airflow/dags/etl-dag.py
[2023-02-01T11:20:57.424+0000] {manager.py:1072} WARNING - Skipping processing of missing file: /opt/airflow/dags/etl-dag.py
[2023-02-01T11:20:58.433+0000] {manager.py:1072} WARNING - Skipping processing of missing file: /opt/airflow/dags/etl-dag.py
[2023-02-01T11:20:58.446+0000] {manager.py:1072} WARNING - Skipping processing of missing file: /opt/airflow/dags/etl-dag.py
[2023-02-01T11:20:59.446+0000] {manager.py:1072} WARNING - Skipping processing of missing file: /opt/airflow/dags/etl-dag.py
[2023-02-01T11:20:59.457+0000] {manager.py:1072} WARNING - Skipping processing of missing file: /opt/airflow/dags/etl-dag.py
[2023-02-01T11:21:00.459+0000] {manager.py:1072} WARNING - Skipping processing of missing file: /opt/airflow/dags/etl-dag.py
[2023-02-01T11:21:00.467+0000] {manager.py:1072} WARNING - Skipping processing of missing file: /opt/airflow/dags/etl-dag.py
[2023-02-01T11:21:01.473+0000] {manager.py:1072} WARNING - Skipping processing of missing file: /opt/airflow/dags/etl-dag.py
[2023-02-01T11:21:01.493+0000] {manager.py:1072} WARNING - Skipping processing of missing file: /opt/airflow/dags/etl-dag.py
[2023-02-01T11:21:02.497+0000] {manager.py:1072} WARNING - Skipping processing of missing file: /opt/airflow/dags/etl-dag.py
[2023-02-01T11:21:02.509+0000] {manager.py:1072} WARNING - Skipping processing of missing file: /opt/airflow/dags/etl-dag.py
[2023-02-01T11:21:03.510+0000] {manager.py:1072} WARNING - Skipping processing of missing file: /opt/airflow/dags/etl-dag.py
[2023-02-01T11:21:03.523+0000] {manager.py:1072} WARNING - Skipping processing of missing file: /opt/airflow/dags/etl-dag.py
[2023-02-01T11:21:04.524+0000] {manager.py:1072} WARNING - Skipping processing of missing file: /opt/airflow/dags/etl-dag.py
[2023-02-01T11:21:04.535+0000] {manager.py:1072} WARNING - Skipping processing of missing file: /opt/airflow/dags/etl-dag.py
[2023-02-01T11:21:05.531+0000] {manager.py:1072} WARNING - Skipping processing of missing file: /opt/airflow/dags/etl-dag.py
[2023-02-01T11:21:05.541+0000] {manager.py:1072} WARNING - Skipping processing of missing file: /opt/airflow/dags/etl-dag.py
[2023-02-01T11:21:06.537+0000] {manager.py:1072} WARNING - Skipping processing of missing file: /opt/airflow/dags/etl-dag.py
[2023-02-01T11:21:06.545+0000] {manager.py:1072} WARNING - Skipping processing of missing file: /opt/airflow/dags/etl-dag.py
[2023-02-01T11:21:07.543+0000] {manager.py:1072} WARNING - Skipping processing of missing file: /opt/airflow/dags/etl-dag.py
[2023-02-01T11:21:07.550+0000] {manager.py:1072} WARNING - Skipping processing of missing file: /opt/airflow/dags/etl-dag.py
[2023-02-01T11:21:08.549+0000] {manager.py:1072} WARNING - Skipping processing of missing file: /opt/airflow/dags/etl-dag.py
[2023-02-01T11:21:08.555+0000] {manager.py:1072} WARNING - Skipping processing of missing file: /opt/airflow/dags/etl-dag.py
[2023-02-01T11:21:09.562+0000] {manager.py:1072} WARNING - Skipping processing of missing file: /opt/airflow/dags/etl-dag.py
[2023-02-01T11:21:09.579+0000] {manager.py:1072} WARNING - Skipping processing of missing file: /opt/airflow/dags/etl-dag.py
[2023-02-01T11:21:10.575+0000] {manager.py:1072} WARNING - Skipping processing of missing file: /opt/airflow/dags/etl-dag.py
[2023-02-01T11:21:10.585+0000] {manager.py:1072} WARNING - Skipping processing of missing file: /opt/airflow/dags/etl-dag.py
[2023-02-01T11:21:11.585+0000] {manager.py:1072} WARNING - Skipping processing of missing file: /opt/airflow/dags/etl-dag.py
[2023-02-01T11:21:11.604+0000] {manager.py:1072} WARNING - Skipping processing of missing file: /opt/airflow/dags/etl-dag.py
[2023-02-01T11:21:12.599+0000] {manager.py:1072} WARNING - Skipping processing of missing file: /opt/airflow/dags/etl-dag.py
[2023-02-01T11:21:12.619+0000] {manager.py:1072} WARNING - Skipping processing of missing file: /opt/airflow/dags/etl-dag.py
[2023-02-01T11:21:13.614+0000] {manager.py:1072} WARNING - Skipping processing of missing file: /opt/airflow/dags/etl-dag.py
[2023-02-01T11:21:13.630+0000] {manager.py:1072} WARNING - Skipping processing of missing file: /opt/airflow/dags/etl-dag.py
[2023-02-01T11:21:14.627+0000] {manager.py:1072} WARNING - Skipping processing of missing file: /opt/airflow/dags/etl-dag.py
[2023-02-01T11:21:14.642+0000] {manager.py:1072} WARNING - Skipping processing of missing file: /opt/airflow/dags/etl-dag.py
[2023-02-01T11:21:15.634+0000] {manager.py:1072} WARNING - Skipping processing of missing file: /opt/airflow/dags/etl-dag.py
[2023-02-01T11:21:15.648+0000] {manager.py:1072} WARNING - Skipping processing of missing file: /opt/airflow/dags/etl-dag.py
[2023-02-01T11:21:16.644+0000] {manager.py:1072} WARNING - Skipping processing of missing file: /opt/airflow/dags/etl-dag.py
[2023-02-01T11:21:16.654+0000] {manager.py:1072} WARNING - Skipping processing of missing file: /opt/airflow/dags/etl-dag.py
[2023-02-01T11:21:17.650+0000] {manager.py:1072} WARNING - Skipping processing of missing file: /opt/airflow/dags/etl-dag.py
[2023-02-01T11:21:17.659+0000] {manager.py:1072} WARNING - Skipping processing of missing file: /opt/airflow/dags/etl-dag.py
[2023-02-01T11:21:18.660+0000] {manager.py:1072} WARNING - Skipping processing of missing file: /opt/airflow/dags/etl-dag.py
[2023-02-01T11:21:18.677+0000] {manager.py:1072} WARNING - Skipping processing of missing file: /opt/airflow/dags/etl-dag.py
[2023-02-01T11:21:19.675+0000] {manager.py:1072} WARNING - Skipping processing of missing file: /opt/airflow/dags/etl-dag.py
[2023-02-01T11:21:19.684+0000] {manager.py:1072} WARNING - Skipping processing of missing file: /opt/airflow/dags/etl-dag.py
[2023-02-01T11:21:20.683+0000] {manager.py:1072} WARNING - Skipping processing of missing file: /opt/airflow/dags/etl-dag.py
[2023-02-01T11:21:20.691+0000] {manager.py:1072} WARNING - Skipping processing of missing file: /opt/airflow/dags/etl-dag.py
[2023-02-01T11:21:21.690+0000] {manager.py:1072} WARNING - Skipping processing of missing file: /opt/airflow/dags/etl-dag.py
[2023-02-01T11:21:21.697+0000] {manager.py:1072} WARNING - Skipping processing of missing file: /opt/airflow/dags/etl-dag.py
[2023-02-01T11:21:22.697+0000] {manager.py:1072} WARNING - Skipping processing of missing file: /opt/airflow/dags/etl-dag.py
[2023-02-01T11:21:22.699+0000] {manager.py:851} INFO - 
================================================================================
DAG File Processing Stats

File Path                     PID    Runtime      # DAGs    # Errors  Last Runtime    Last Run
----------------------------  -----  ---------  --------  ----------  --------------  -------------------
/opt/airflow/dags/etl-dag.py                           1           0  3.02s           2023-02-01T11:18:53
================================================================================
[2023-02-01T11:21:22.704+0000] {manager.py:1072} WARNING - Skipping processing of missing file: /opt/airflow/dags/etl-dag.py
[2023-02-01T11:21:23.710+0000] {manager.py:1072} WARNING - Skipping processing of missing file: /opt/airflow/dags/etl-dag.py
[2023-02-01T11:21:23.722+0000] {manager.py:1072} WARNING - Skipping processing of missing file: /opt/airflow/dags/etl-dag.py
[2023-02-01T11:21:24.723+0000] {manager.py:1072} WARNING - Skipping processing of missing file: /opt/airflow/dags/etl-dag.py
[2023-02-01T11:21:24.734+0000] {manager.py:1072} WARNING - Skipping processing of missing file: /opt/airflow/dags/etl-dag.py
[2023-02-01T11:21:25.737+0000] {manager.py:1072} WARNING - Skipping processing of missing file: /opt/airflow/dags/etl-dag.py
[2023-02-01T11:21:25.749+0000] {manager.py:1072} WARNING - Skipping processing of missing file: /opt/airflow/dags/etl-dag.py
[2023-02-01T11:21:26.747+0000] {manager.py:1072} WARNING - Skipping processing of missing file: /opt/airflow/dags/etl-dag.py
[2023-02-01T11:21:26.759+0000] {manager.py:1072} WARNING - Skipping processing of missing file: /opt/airflow/dags/etl-dag.py
[2023-02-01T11:21:27.760+0000] {manager.py:1072} WARNING - Skipping processing of missing file: /opt/airflow/dags/etl-dag.py
[2023-02-01T11:21:27.772+0000] {manager.py:1072} WARNING - Skipping processing of missing file: /opt/airflow/dags/etl-dag.py
[2023-02-01T11:21:28.773+0000] {manager.py:1072} WARNING - Skipping processing of missing file: /opt/airflow/dags/etl-dag.py
[2023-02-01T11:21:28.785+0000] {manager.py:1072} WARNING - Skipping processing of missing file: /opt/airflow/dags/etl-dag.py
[2023-02-01T11:21:29.787+0000] {manager.py:1072} WARNING - Skipping processing of missing file: /opt/airflow/dags/etl-dag.py
[2023-02-01T11:21:29.800+0000] {manager.py:1072} WARNING - Skipping processing of missing file: /opt/airflow/dags/etl-dag.py
[2023-02-01T11:21:30.802+0000] {manager.py:1072} WARNING - Skipping processing of missing file: /opt/airflow/dags/etl-dag.py
[2023-02-01T11:21:30.813+0000] {manager.py:1072} WARNING - Skipping processing of missing file: /opt/airflow/dags/etl-dag.py
[2023-02-01T11:21:31.817+0000] {manager.py:1072} WARNING - Skipping processing of missing file: /opt/airflow/dags/etl-dag.py
[2023-02-01T11:21:31.828+0000] {manager.py:1072} WARNING - Skipping processing of missing file: /opt/airflow/dags/etl-dag.py
[2023-02-01T11:21:32.830+0000] {manager.py:1072} WARNING - Skipping processing of missing file: /opt/airflow/dags/etl-dag.py
[2023-02-01T11:21:32.842+0000] {manager.py:1072} WARNING - Skipping processing of missing file: /opt/airflow/dags/etl-dag.py
[2023-02-01T11:21:33.838+0000] {manager.py:1072} WARNING - Skipping processing of missing file: /opt/airflow/dags/etl-dag.py
[2023-02-01T11:21:33.848+0000] {manager.py:1072} WARNING - Skipping processing of missing file: /opt/airflow/dags/etl-dag.py
[2023-02-01T11:21:34.843+0000] {manager.py:1072} WARNING - Skipping processing of missing file: /opt/airflow/dags/etl-dag.py
[2023-02-01T11:21:34.853+0000] {manager.py:1072} WARNING - Skipping processing of missing file: /opt/airflow/dags/etl-dag.py
[2023-02-01T11:21:35.849+0000] {manager.py:1072} WARNING - Skipping processing of missing file: /opt/airflow/dags/etl-dag.py
[2023-02-01T11:21:35.857+0000] {manager.py:1072} WARNING - Skipping processing of missing file: /opt/airflow/dags/etl-dag.py
[2023-02-01T11:21:36.857+0000] {manager.py:1072} WARNING - Skipping processing of missing file: /opt/airflow/dags/etl-dag.py
[2023-02-01T11:21:36.863+0000] {manager.py:1072} WARNING - Skipping processing of missing file: /opt/airflow/dags/etl-dag.py
[2023-02-01T11:21:37.870+0000] {manager.py:1072} WARNING - Skipping processing of missing file: /opt/airflow/dags/etl-dag.py
[2023-02-01T11:21:37.882+0000] {manager.py:1072} WARNING - Skipping processing of missing file: /opt/airflow/dags/etl-dag.py
[2023-02-01T11:21:38.885+0000] {manager.py:1072} WARNING - Skipping processing of missing file: /opt/airflow/dags/etl-dag.py
[2023-02-01T11:21:38.897+0000] {manager.py:1072} WARNING - Skipping processing of missing file: /opt/airflow/dags/etl-dag.py
[2023-02-01T11:21:39.900+0000] {manager.py:1072} WARNING - Skipping processing of missing file: /opt/airflow/dags/etl-dag.py
[2023-02-01T11:21:39.913+0000] {manager.py:1072} WARNING - Skipping processing of missing file: /opt/airflow/dags/etl-dag.py
[2023-02-01T11:21:40.914+0000] {manager.py:1072} WARNING - Skipping processing of missing file: /opt/airflow/dags/etl-dag.py
[2023-02-01T11:21:40.926+0000] {manager.py:1072} WARNING - Skipping processing of missing file: /opt/airflow/dags/etl-dag.py
[2023-02-01T11:21:41.927+0000] {manager.py:1072} WARNING - Skipping processing of missing file: /opt/airflow/dags/etl-dag.py
[2023-02-01T11:21:41.938+0000] {manager.py:1072} WARNING - Skipping processing of missing file: /opt/airflow/dags/etl-dag.py
[2023-02-01T11:21:42.936+0000] {manager.py:1072} WARNING - Skipping processing of missing file: /opt/airflow/dags/etl-dag.py
[2023-02-01T11:21:42.947+0000] {manager.py:1072} WARNING - Skipping processing of missing file: /opt/airflow/dags/etl-dag.py
[2023-02-01T11:21:43.948+0000] {manager.py:1072} WARNING - Skipping processing of missing file: /opt/airflow/dags/etl-dag.py
[2023-02-01T11:21:43.960+0000] {manager.py:1072} WARNING - Skipping processing of missing file: /opt/airflow/dags/etl-dag.py
[2023-02-01T11:21:44.961+0000] {manager.py:1072} WARNING - Skipping processing of missing file: /opt/airflow/dags/etl-dag.py
[2023-02-01T11:21:44.978+0000] {manager.py:1072} WARNING - Skipping processing of missing file: /opt/airflow/dags/etl-dag.py
[2023-02-01T11:21:45.978+0000] {manager.py:1072} WARNING - Skipping processing of missing file: /opt/airflow/dags/etl-dag.py
[2023-02-01T11:21:45.990+0000] {manager.py:1072} WARNING - Skipping processing of missing file: /opt/airflow/dags/etl-dag.py
[2023-02-01T11:21:46.985+0000] {manager.py:1072} WARNING - Skipping processing of missing file: /opt/airflow/dags/etl-dag.py
[2023-02-01T11:21:46.997+0000] {manager.py:1072} WARNING - Skipping processing of missing file: /opt/airflow/dags/etl-dag.py
[2023-02-01T11:21:47.991+0000] {manager.py:1072} WARNING - Skipping processing of missing file: /opt/airflow/dags/etl-dag.py
[2023-02-01T11:21:48.001+0000] {manager.py:1072} WARNING - Skipping processing of missing file: /opt/airflow/dags/etl-dag.py
[2023-02-01T11:21:48.997+0000] {manager.py:1072} WARNING - Skipping processing of missing file: /opt/airflow/dags/etl-dag.py
[2023-02-01T11:21:49.006+0000] {manager.py:1072} WARNING - Skipping processing of missing file: /opt/airflow/dags/etl-dag.py
[2023-02-01T11:21:50.004+0000] {manager.py:726} INFO - Searching for files in /opt/airflow/dags
[2023-02-01T11:21:50.054+0000] {manager.py:729} INFO - There are 2 files in /opt/airflow/dags
[2023-02-01T11:21:52.831+0000] {manager.py:851} INFO - 
================================================================================
DAG File Processing Stats

File Path                        PID    Runtime      # DAGs    # Errors  Last Runtime    Last Run
-------------------------------  -----  ---------  --------  ----------  --------------  -------------------
/opt/airflow/dags/etl_script.py                           0           0  1.70s           2023-02-01T11:21:51
/opt/airflow/dags/etl_dag.py                              1           0  1.87s           2023-02-01T11:21:51
================================================================================
[2023-02-01T11:22:23.311+0000] {manager.py:851} INFO - 
================================================================================
DAG File Processing Stats

File Path                          PID  Runtime      # DAGs    # Errors  Last Runtime    Last Run
-------------------------------  -----  ---------  --------  ----------  --------------  -------------------
/opt/airflow/dags/etl_script.py    506  1.03s             0           0  1.70s           2023-02-01T11:21:51
/opt/airflow/dags/etl_dag.py       503  1.04s             1           0  1.87s           2023-02-01T11:21:51
================================================================================
[2023-02-01T11:22:53.316+0000] {manager.py:851} INFO - 
================================================================================
DAG File Processing Stats

File Path                        PID    Runtime      # DAGs    # Errors  Last Runtime    Last Run
-------------------------------  -----  ---------  --------  ----------  --------------  -------------------
/opt/airflow/dags/etl_script.py                           0           0  1.31s           2023-02-01T11:22:23
/opt/airflow/dags/etl_dag.py                              1           0  1.44s           2023-02-01T11:22:23
================================================================================
[2023-02-01T11:23:24.105+0000] {manager.py:851} INFO - 
================================================================================
DAG File Processing Stats

File Path                        PID    Runtime      # DAGs    # Errors  Last Runtime    Last Run
-------------------------------  -----  ---------  --------  ----------  --------------  -------------------
/opt/airflow/dags/etl_script.py                           0           0  1.57s           2023-02-01T11:22:55
/opt/airflow/dags/etl_dag.py                              1           0  1.71s           2023-02-01T11:22:55
================================================================================
[2023-02-01T11:23:54.683+0000] {manager.py:851} INFO - 
================================================================================
DAG File Processing Stats

File Path                        PID    Runtime      # DAGs    # Errors  Last Runtime    Last Run
-------------------------------  -----  ---------  --------  ----------  --------------  -------------------
/opt/airflow/dags/etl_script.py                           0           0  1.58s           2023-02-01T11:23:35
/opt/airflow/dags/etl_dag.py                              1           0  1.99s           2023-02-01T11:23:28
================================================================================
[2023-02-01T11:24:25.428+0000] {manager.py:851} INFO - 
================================================================================
DAG File Processing Stats

File Path                        PID    Runtime      # DAGs    # Errors  Last Runtime    Last Run
-------------------------------  -----  ---------  --------  ----------  --------------  -------------------
/opt/airflow/dags/etl_script.py                           0           0  2.39s           2023-02-01T11:24:08
/opt/airflow/dags/etl_dag.py                              1           0  1.12s           2023-02-01T11:23:59
================================================================================
[2023-02-01T11:24:55.444+0000] {manager.py:851} INFO - 
================================================================================
DAG File Processing Stats

File Path                        PID    Runtime      # DAGs    # Errors  Last Runtime    Last Run
-------------------------------  -----  ---------  --------  ----------  --------------  -------------------
/opt/airflow/dags/etl_script.py                           0           0  1.40s           2023-02-01T11:24:40
/opt/airflow/dags/etl_dag.py                              1           0  1.32s           2023-02-01T11:24:31
================================================================================
[2023-02-01T11:25:26.229+0000] {manager.py:851} INFO - 
================================================================================
DAG File Processing Stats

File Path                        PID    Runtime      # DAGs    # Errors  Last Runtime    Last Run
-------------------------------  -----  ---------  --------  ----------  --------------  -------------------
/opt/airflow/dags/etl_script.py                           0           0  2.35s           2023-02-01T11:25:13
/opt/airflow/dags/etl_dag.py                              1           0  4.35s           2023-02-01T11:25:06
================================================================================
[2023-02-01T11:25:56.263+0000] {manager.py:851} INFO - 
================================================================================
DAG File Processing Stats

File Path                        PID    Runtime      # DAGs    # Errors  Last Runtime    Last Run
-------------------------------  -----  ---------  --------  ----------  --------------  -------------------
/opt/airflow/dags/etl_script.py                           0           0  2.33s           2023-02-01T11:25:39
/opt/airflow/dags/etl_dag.py                              1           0  2.62s           2023-02-01T11:25:40
================================================================================
[2023-02-01T11:26:26.465+0000] {manager.py:851} INFO - 
================================================================================
DAG File Processing Stats

File Path                        PID    Runtime      # DAGs    # Errors  Last Runtime    Last Run
-------------------------------  -----  ---------  --------  ----------  --------------  -------------------
/opt/airflow/dags/etl_script.py                           0           0  3.79s           2023-02-01T11:26:14
/opt/airflow/dags/etl_dag.py                              1           0  4.24s           2023-02-01T11:26:14
================================================================================
[2023-02-01T11:26:50.459+0000] {manager.py:726} INFO - Searching for files in /opt/airflow/dags
[2023-02-01T11:26:50.633+0000] {manager.py:729} INFO - There are 2 files in /opt/airflow/dags
[2023-02-01T11:26:56.722+0000] {manager.py:851} INFO - 
================================================================================
DAG File Processing Stats

File Path                        PID    Runtime      # DAGs    # Errors  Last Runtime    Last Run
-------------------------------  -----  ---------  --------  ----------  --------------  -------------------
/opt/airflow/dags/etl_script.py                           0           0  3.73s           2023-02-01T11:26:48
/opt/airflow/dags/etl_dag.py                              1           0  3.68s           2023-02-01T11:26:48
================================================================================
[2023-02-01T11:27:26.919+0000] {manager.py:851} INFO - 
================================================================================
DAG File Processing Stats

File Path                        PID    Runtime      # DAGs    # Errors  Last Runtime    Last Run
-------------------------------  -----  ---------  --------  ----------  --------------  -------------------
/opt/airflow/dags/etl_script.py                           0           0  1.83s           2023-02-01T11:27:20
/opt/airflow/dags/etl_dag.py                              1           0  2.12s           2023-02-01T11:27:21
================================================================================
[2023-02-01T11:27:57.032+0000] {manager.py:851} INFO - 
================================================================================
DAG File Processing Stats

File Path                        PID    Runtime      # DAGs    # Errors  Last Runtime    Last Run
-------------------------------  -----  ---------  --------  ----------  --------------  -------------------
/opt/airflow/dags/etl_script.py                           0           0  2.31s           2023-02-01T11:27:53
/opt/airflow/dags/etl_dag.py                              1           0  2.43s           2023-02-01T11:27:53
================================================================================
[2023-02-01T11:28:27.150+0000] {manager.py:851} INFO - 
================================================================================
DAG File Processing Stats

File Path                        PID    Runtime      # DAGs    # Errors  Last Runtime    Last Run
-------------------------------  -----  ---------  --------  ----------  --------------  -------------------
/opt/airflow/dags/etl_script.py                           0           0  2.81s           2023-02-01T11:28:26
/opt/airflow/dags/etl_dag.py                              1           0  2.90s           2023-02-01T11:28:27
================================================================================
[2023-02-01T11:28:57.470+0000] {manager.py:851} INFO - 
================================================================================
DAG File Processing Stats

File Path                          PID  Runtime      # DAGs    # Errors  Last Runtime    Last Run
-------------------------------  -----  ---------  --------  ----------  --------------  -------------------
/opt/airflow/dags/etl_script.py    974  0.66s             0           0  2.81s           2023-02-01T11:28:26
/opt/airflow/dags/etl_dag.py       978  0.01s             1           0  2.90s           2023-02-01T11:28:27
================================================================================
[2023-02-01T11:29:27.669+0000] {manager.py:851} INFO - 
================================================================================
DAG File Processing Stats

File Path                        PID    Runtime      # DAGs    # Errors  Last Runtime    Last Run
-------------------------------  -----  ---------  --------  ----------  --------------  -------------------
/opt/airflow/dags/etl_script.py                           0           0  1.66s           2023-02-01T11:28:58
/opt/airflow/dags/etl_dag.py                              1           0  1.92s           2023-02-01T11:28:59
================================================================================
[2023-02-01T11:29:57.833+0000] {manager.py:851} INFO - 
================================================================================
DAG File Processing Stats

File Path                        PID    Runtime      # DAGs    # Errors  Last Runtime    Last Run
-------------------------------  -----  ---------  --------  ----------  --------------  -------------------
/opt/airflow/dags/etl_script.py                           0           0  3.17s           2023-02-01T11:29:31
/opt/airflow/dags/etl_dag.py                              1           0  2.85s           2023-02-01T11:29:32
================================================================================
[2023-02-01T11:30:05.555+0000] {manager.py:465} INFO - Exiting gracefully upon receiving signal 15
[2023-02-01T11:30:05.578+0000] {manager.py:465} INFO - Exiting gracefully upon receiving signal 15
[2023-02-01T11:30:06.025+0000] {manager.py:465} INFO - Exiting gracefully upon receiving signal 15
[2023-02-01T11:30:08.660+0000] {manager.py:465} INFO - Exiting gracefully upon receiving signal 15
[2023-02-01T11:30:11.907+0000] {manager.py:465} INFO - Exiting gracefully upon receiving signal 15
