[2023-02-01T11:25:59.525+0000] {taskinstance.py:1087} INFO - Dependencies all met for <TaskInstance: accidents_data_etl_pipeline.transform_encoding_load_task scheduled__2023-02-01T00:00:00+00:00 [queued]>
[2023-02-01T11:25:59.545+0000] {taskinstance.py:1087} INFO - Dependencies all met for <TaskInstance: accidents_data_etl_pipeline.transform_encoding_load_task scheduled__2023-02-01T00:00:00+00:00 [queued]>
[2023-02-01T11:25:59.546+0000] {taskinstance.py:1283} INFO - 
--------------------------------------------------------------------------------
[2023-02-01T11:25:59.553+0000] {taskinstance.py:1284} INFO - Starting attempt 1 of 2
[2023-02-01T11:25:59.554+0000] {taskinstance.py:1285} INFO - 
--------------------------------------------------------------------------------
[2023-02-01T11:25:59.600+0000] {taskinstance.py:1304} INFO - Executing <Task(PythonOperator): transform_encoding_load_task> on 2023-02-01 00:00:00+00:00
[2023-02-01T11:25:59.663+0000] {standard_task_runner.py:55} INFO - Started process 779 to run task
[2023-02-01T11:25:59.694+0000] {standard_task_runner.py:82} INFO - Running: ['***', 'tasks', 'run', 'accidents_data_etl_pipeline', 'transform_encoding_load_task', 'scheduled__2023-02-01T00:00:00+00:00', '--job-id', '40', '--raw', '--subdir', 'DAGS_FOLDER/etl_dag.py', '--cfg-path', '/tmp/tmpxnwwgegn']
[2023-02-01T11:25:59.710+0000] {standard_task_runner.py:83} INFO - Job 40: Subtask transform_encoding_load_task
[2023-02-01T11:25:59.937+0000] {task_command.py:389} INFO - Running <TaskInstance: accidents_data_etl_pipeline.transform_encoding_load_task scheduled__2023-02-01T00:00:00+00:00 [running]> on host 90e3bfc5c2e2
[2023-02-01T11:26:00.197+0000] {taskinstance.py:1513} INFO - Exporting the following env vars:
AIRFLOW_CTX_DAG_OWNER=***
AIRFLOW_CTX_DAG_ID=accidents_data_etl_pipeline
AIRFLOW_CTX_TASK_ID=transform_encoding_load_task
AIRFLOW_CTX_EXECUTION_DATE=2023-02-01T00:00:00+00:00
AIRFLOW_CTX_TRY_NUMBER=1
AIRFLOW_CTX_DAG_RUN_ID=scheduled__2023-02-01T00:00:00+00:00
[2023-02-01T11:26:05.218+0000] {logging_mixin.py:137} WARNING - /home/***/.local/lib/python3.7/site-packages/***/operators/python.py:192 DtypeWarning: Columns (10) have mixed types.Specify dtype option on import or set low_memory=False.
[2023-02-01T11:26:05.507+0000] {logging_mixin.py:137} INFO - loaded for peprocessing succesfully
[2023-02-01T11:26:16.971+0000] {logging_mixin.py:137} INFO - Data preprocessed successfully
[2023-02-01T11:28:19.856+0000] {python.py:177} INFO - Done. Returned value was: None
[2023-02-01T11:28:19.905+0000] {taskinstance.py:1327} INFO - Marking task as SUCCESS. dag_id=accidents_data_etl_pipeline, task_id=transform_encoding_load_task, execution_date=20230201T000000, start_date=20230201T112559, end_date=20230201T112819
[2023-02-01T11:28:20.027+0000] {local_task_job.py:159} INFO - Task exited with return code 0
[2023-02-01T11:28:20.094+0000] {taskinstance.py:2582} INFO - 0 downstream tasks scheduled from follow-on schedule check
