[2023-02-01T11:25:26.746+0000] {taskinstance.py:1087} INFO - Dependencies all met for <TaskInstance: accidents_data_etl_pipeline.cleanning_task scheduled__2023-02-01T00:00:00+00:00 [queued]>
[2023-02-01T11:25:26.800+0000] {taskinstance.py:1087} INFO - Dependencies all met for <TaskInstance: accidents_data_etl_pipeline.cleanning_task scheduled__2023-02-01T00:00:00+00:00 [queued]>
[2023-02-01T11:25:26.801+0000] {taskinstance.py:1283} INFO - 
--------------------------------------------------------------------------------
[2023-02-01T11:25:26.807+0000] {taskinstance.py:1284} INFO - Starting attempt 1 of 2
[2023-02-01T11:25:26.808+0000] {taskinstance.py:1285} INFO - 
--------------------------------------------------------------------------------
[2023-02-01T11:25:26.864+0000] {taskinstance.py:1304} INFO - Executing <Task(PythonOperator): cleanning_task> on 2023-02-01 00:00:00+00:00
[2023-02-01T11:25:26.883+0000] {standard_task_runner.py:55} INFO - Started process 738 to run task
[2023-02-01T11:25:26.891+0000] {standard_task_runner.py:82} INFO - Running: ['***', 'tasks', 'run', 'accidents_data_etl_pipeline', 'cleanning_task', 'scheduled__2023-02-01T00:00:00+00:00', '--job-id', '38', '--raw', '--subdir', 'DAGS_FOLDER/etl_dag.py', '--cfg-path', '/tmp/tmphhlyh7cr']
[2023-02-01T11:25:26.895+0000] {standard_task_runner.py:83} INFO - Job 38: Subtask cleanning_task
[2023-02-01T11:25:27.137+0000] {task_command.py:389} INFO - Running <TaskInstance: accidents_data_etl_pipeline.cleanning_task scheduled__2023-02-01T00:00:00+00:00 [running]> on host 90e3bfc5c2e2
[2023-02-01T11:25:27.366+0000] {taskinstance.py:1513} INFO - Exporting the following env vars:
AIRFLOW_CTX_DAG_OWNER=***
AIRFLOW_CTX_DAG_ID=accidents_data_etl_pipeline
AIRFLOW_CTX_TASK_ID=cleanning_task
AIRFLOW_CTX_EXECUTION_DATE=2023-02-01T00:00:00+00:00
AIRFLOW_CTX_TRY_NUMBER=1
AIRFLOW_CTX_DAG_RUN_ID=scheduled__2023-02-01T00:00:00+00:00
[2023-02-01T11:25:33.196+0000] {logging_mixin.py:137} WARNING - /home/***/.local/lib/python3.7/site-packages/***/operators/python.py:192 DtypeWarning: Columns (10) have mixed types.Specify dtype option on import or set low_memory=False.
[2023-02-01T11:25:57.020+0000] {logging_mixin.py:137} INFO - Data Cleaned Successfully
[2023-02-01T11:25:57.041+0000] {python.py:177} INFO - Done. Returned value was: None
[2023-02-01T11:25:57.057+0000] {taskinstance.py:1327} INFO - Marking task as SUCCESS. dag_id=accidents_data_etl_pipeline, task_id=cleanning_task, execution_date=20230201T000000, start_date=20230201T112526, end_date=20230201T112557
[2023-02-01T11:25:57.109+0000] {local_task_job.py:159} INFO - Task exited with return code 0
[2023-02-01T11:25:57.143+0000] {taskinstance.py:2582} INFO - 1 downstream tasks scheduled from follow-on schedule check
